2025-04-03 00:44:14.980 | INFO     | __main__:<module>:567 - Starting list update process...
2025-04-03 00:44:14.981 | DEBUG    | __main__:appendToLists:293 - Checking articles for list 'infofi'
2025-04-03 00:44:15.182 | INFO     | __main__:appendToLists:320 - List 'infofi': Populated with 67 article paths.
2025-04-03 00:44:15.182 | DEBUG    | __main__:appendToLists:293 - Checking articles for list 'lvr'
2025-04-03 00:44:15.270 | INFO     | __main__:appendToLists:320 - List 'lvr': Populated with 10 article paths.
2025-04-03 00:44:15.274 | INFO     | __main__:modifyListFiles:514 - Processing modifications for list 'infofi' (297 valid items)
2025-04-03 00:44:15.274 | DEBUG    | __main__:_schedule_tasks_and_update_existing:361 - Using existing EPUB for 2212.00271v1.pdf: 2212.00271v1.epub
2025-04-03 00:44:15.274 | DEBUG    | __main__:_schedule_tasks_and_update_existing:361 - Using existing EPUB for A Simple Decision Market Model.pdf: A Simple Decision Market Model.epub
2025-04-03 00:44:15.275 | DEBUG    | __main__:_schedule_tasks_and_update_existing:366 - Scheduling PDF->EPUB conversion for Drift dAMM deep dive.pdf
2025-04-03 00:44:15.275 | INFO     | __main__:_run_pdf_to_epub_conversion:230 - Starting conversion: Drift dAMM deep dive.pdf -> Drift dAMM deep dive.epub
2025-04-03 00:44:15.275 | DEBUG    | __main__:_schedule_tasks_and_update_existing:361 - Using existing EPUB for Proteus_AMM_Engine_-_Shell_v2_Part_1.pdf: Proteus_AMM_Engine_-_Shell_v2_Part_1.epub
2025-04-03 00:44:15.275 | DEBUG    | __main__:_mineru_get_upload_info:101 - Requesting upload info for Drift dAMM deep dive.pdf
2025-04-03 00:44:15.276 | DEBUG    | __main__:_schedule_tasks_and_update_existing:366 - Scheduling PDF->EPUB conversion for Arbius A Decentralized Machine Learning Network w_1.pdf
2025-04-03 00:44:15.277 | INFO     | __main__:_run_pdf_to_epub_conversion:230 - Starting conversion: Arbius A Decentralized Machine Learning Network w_1.pdf -> Arbius A Decentralized Machine Learning Network w_1.epub
2025-04-03 00:44:15.278 | DEBUG    | __main__:_mineru_get_upload_info:101 - Requesting upload info for Arbius A Decentralized Machine Learning Network w_1.pdf
2025-04-03 00:44:15.277 | DEBUG    | __main__:_schedule_tasks_and_update_existing:361 - Using existing EPUB for Litepaper (1).pdf: Litepaper (1).epub
2025-04-03 00:44:15.280 | DEBUG    | __main__:_schedule_tasks_and_update_existing:366 - Scheduling PDF->EPUB conversion for AnyHedge Whitepaper.pdf
2025-04-03 00:44:15.281 | INFO     | __main__:_run_pdf_to_epub_conversion:230 - Starting conversion: AnyHedge Whitepaper.pdf -> AnyHedge Whitepaper.epub
2025-04-03 00:44:15.281 | DEBUG    | __main__:_mineru_get_upload_info:101 - Requesting upload info for AnyHedge Whitepaper.pdf
2025-04-03 00:44:15.281 | DEBUG    | __main__:_schedule_tasks_and_update_existing:366 - Scheduling PDF->EPUB conversion for abernethy2013.pdf
2025-04-03 00:44:15.282 | INFO     | __main__:_run_pdf_to_epub_conversion:230 - Starting conversion: abernethy2013.pdf -> abernethy2013.epub
2025-04-03 00:44:15.283 | DEBUG    | __main__:_schedule_tasks_and_update_existing:366 - Scheduling PDF->EPUB conversion for LAMMbert.pdf
2025-04-03 00:44:15.283 | DEBUG    | __main__:_mineru_get_upload_info:101 - Requesting upload info for abernethy2013.pdf
2025-04-03 00:44:15.284 | INFO     | __main__:_run_pdf_to_epub_conversion:230 - Starting conversion: LAMMbert.pdf -> LAMMbert.epub
2025-04-03 00:44:15.284 | DEBUG    | __main__:_schedule_tasks_and_update_existing:366 - Scheduling PDF->EPUB conversion for Panoptic the perpetual oracle-free options proto.pdf
2025-04-03 00:44:15.284 | DEBUG    | __main__:_mineru_get_upload_info:101 - Requesting upload info for LAMMbert.pdf
2025-04-03 00:44:15.284 | DEBUG    | __main__:_schedule_tasks_and_update_existing:366 - Scheduling PDF->EPUB conversion for vega-protocol-whitepaper.pdf
2025-04-03 00:44:15.285 | INFO     | __main__:_process_pdf_futures:393 - Waiting for 7 PDF conversion tasks...
2025-04-03 00:44:16.879 | DEBUG    | __main__:_mineru_get_upload_info:112 - Obtained batch_id: f1955a9c-ef70-4e2d-ae3b-dee780456121 for LAMMbert.pdf
2025-04-03 00:44:16.880 | DEBUG    | __main__:_mineru_get_upload_info:112 - Obtained batch_id: d5f18f66-11bb-4301-86e8-1bd6a4640e17 for Drift dAMM deep dive.pdf
2025-04-03 00:44:16.880 | DEBUG    | __main__:_mineru_upload_file:118 - Uploading LAMMbert.pdf to Mineru...
2025-04-03 00:44:16.881 | DEBUG    | __main__:_mineru_upload_file:118 - Uploading Drift dAMM deep dive.pdf to Mineru...
2025-04-03 00:44:16.882 | DEBUG    | __main__:_mineru_get_upload_info:112 - Obtained batch_id: 809108bc-1491-43e2-8090-c5b88b5d30a6 for AnyHedge Whitepaper.pdf
2025-04-03 00:44:16.885 | DEBUG    | __main__:_mineru_upload_file:118 - Uploading AnyHedge Whitepaper.pdf to Mineru...
2025-04-03 00:44:16.910 | DEBUG    | __main__:_mineru_get_upload_info:112 - Obtained batch_id: 9da845f7-c86a-4f61-9563-b81b1a01fa67 for abernethy2013.pdf
2025-04-03 00:44:16.911 | DEBUG    | __main__:_mineru_upload_file:118 - Uploading abernethy2013.pdf to Mineru...
2025-04-03 00:44:16.912 | DEBUG    | __main__:_mineru_get_upload_info:112 - Obtained batch_id: 64526224-a7cb-46b9-92e6-4da32fcea843 for Arbius A Decentralized Machine Learning Network w_1.pdf
2025-04-03 00:44:16.913 | DEBUG    | __main__:_mineru_upload_file:118 - Uploading Arbius A Decentralized Machine Learning Network w_1.pdf to Mineru...
2025-04-03 00:44:19.666 | ERROR    | __main__:_mineru_request:87 - Mineru API request failed (PUT https://mineru.oss-cn-shanghai.aliyuncs.com/api-upload/f1955a9c-ef70-4e2d-ae3b-dee780456121/65148f2c-0438-4d2f-954f-e76537d0f050.pdf?Expires=1743713056&OSSAccessKeyId=LTAI5t9nGwatk85zetzojXbn&Signature=kr92tMK2dWHEGoRozGRFPHPsEiY%3D): 403 Client Error: Forbidden for url: https://mineru.oss-cn-shanghai.aliyuncs.com/api-upload/f1955a9c-ef70-4e2d-ae3b-dee780456121/65148f2c-0438-4d2f-954f-e76537d0f050.pdf?Expires=1743713056&OSSAccessKeyId=LTAI5t9nGwatk85zetzojXbn&Signature=kr92tMK2dWHEGoRozGRFPHPsEiY%3D - Status: 403, Body: <?xml version="1.0" encoding="UTF-8"?>
<Error>
  <Code>SignatureDoesNotMatch</Code>
  <Message>The request signature we calculated does not match the signature you provided. Check your key and signing
2025-04-03 00:44:19.666 | ERROR    | __main__:_run_pdf_to_epub_conversion:245 - Conversion failed for LAMMbert.pdf: 403 Client Error: Forbidden for url: https://mineru.oss-cn-shanghai.aliyuncs.com/api-upload/f1955a9c-ef70-4e2d-ae3b-dee780456121/65148f2c-0438-4d2f-954f-e76537d0f050.pdf?Expires=1743713056&OSSAccessKeyId=LTAI5t9nGwatk85zetzojXbn&Signature=kr92tMK2dWHEGoRozGRFPHPsEiY%3D
2025-04-03 00:44:19.666 | INFO     | __main__:_run_pdf_to_epub_conversion:230 - Starting conversion: Panoptic the perpetual oracle-free options proto.pdf -> Panoptic the perpetual oracle-free options proto.epub
2025-04-03 00:44:19.667 | WARNING  | __main__:_process_pdf_futures:403 - Conversion failed for LAMMbert.pdf, keeping original path in list.
2025-04-03 00:44:19.667 | DEBUG    | __main__:_mineru_get_upload_info:101 - Requesting upload info for Panoptic the perpetual oracle-free options proto.pdf
2025-04-03 00:44:20.477 | ERROR    | __main__:_mineru_request:87 - Mineru API request failed (PUT https://mineru.oss-cn-shanghai.aliyuncs.com/api-upload/809108bc-1491-43e2-8090-c5b88b5d30a6/d78ac458-e1d8-4333-9d36-e65f7587e852.pdf?Expires=1743713056&OSSAccessKeyId=LTAI5t9nGwatk85zetzojXbn&Signature=h5fxzgkFaJmAPI1stPRhGiFTcF8%3D): 403 Client Error: Forbidden for url: https://mineru.oss-cn-shanghai.aliyuncs.com/api-upload/809108bc-1491-43e2-8090-c5b88b5d30a6/d78ac458-e1d8-4333-9d36-e65f7587e852.pdf?Expires=1743713056&OSSAccessKeyId=LTAI5t9nGwatk85zetzojXbn&Signature=h5fxzgkFaJmAPI1stPRhGiFTcF8%3D - Status: 403, Body: <?xml version="1.0" encoding="UTF-8"?>
<Error>
  <Code>SignatureDoesNotMatch</Code>
  <Message>The request signature we calculated does not match the signature you provided. Check your key and signing
2025-04-03 00:44:20.477 | ERROR    | __main__:_run_pdf_to_epub_conversion:245 - Conversion failed for AnyHedge Whitepaper.pdf: 403 Client Error: Forbidden for url: https://mineru.oss-cn-shanghai.aliyuncs.com/api-upload/809108bc-1491-43e2-8090-c5b88b5d30a6/d78ac458-e1d8-4333-9d36-e65f7587e852.pdf?Expires=1743713056&OSSAccessKeyId=LTAI5t9nGwatk85zetzojXbn&Signature=h5fxzgkFaJmAPI1stPRhGiFTcF8%3D
2025-04-03 00:44:20.477 | INFO     | __main__:_run_pdf_to_epub_conversion:230 - Starting conversion: vega-protocol-whitepaper.pdf -> vega-protocol-whitepaper.epub
2025-04-03 00:44:20.477 | WARNING  | __main__:_process_pdf_futures:403 - Conversion failed for AnyHedge Whitepaper.pdf, keeping original path in list.
2025-04-03 00:44:20.477 | DEBUG    | __main__:_mineru_get_upload_info:101 - Requesting upload info for vega-protocol-whitepaper.pdf
2025-04-03 00:44:20.489 | ERROR    | __main__:_mineru_request:87 - Mineru API request failed (PUT https://mineru.oss-cn-shanghai.aliyuncs.com/api-upload/9da845f7-c86a-4f61-9563-b81b1a01fa67/dfe6c3e1-b3f2-459a-9af6-ebeb5c40ffc6.pdf?Expires=1743713056&OSSAccessKeyId=LTAI5t9nGwatk85zetzojXbn&Signature=WP%2FJyxCNsgb5Spd%2BYyfcLUM9Z%2BA%3D): 403 Client Error: Forbidden for url: https://mineru.oss-cn-shanghai.aliyuncs.com/api-upload/9da845f7-c86a-4f61-9563-b81b1a01fa67/dfe6c3e1-b3f2-459a-9af6-ebeb5c40ffc6.pdf?Expires=1743713056&OSSAccessKeyId=LTAI5t9nGwatk85zetzojXbn&Signature=WP%2FJyxCNsgb5Spd%2BYyfcLUM9Z%2BA%3D - Status: 403, Body: <?xml version="1.0" encoding="UTF-8"?>
<Error>
  <Code>SignatureDoesNotMatch</Code>
  <Message>The request signature we calculated does not match the signature you provided. Check your key and signing
2025-04-03 00:44:20.490 | ERROR    | __main__:_run_pdf_to_epub_conversion:245 - Conversion failed for abernethy2013.pdf: 403 Client Error: Forbidden for url: https://mineru.oss-cn-shanghai.aliyuncs.com/api-upload/9da845f7-c86a-4f61-9563-b81b1a01fa67/dfe6c3e1-b3f2-459a-9af6-ebeb5c40ffc6.pdf?Expires=1743713056&OSSAccessKeyId=LTAI5t9nGwatk85zetzojXbn&Signature=WP%2FJyxCNsgb5Spd%2BYyfcLUM9Z%2BA%3D
2025-04-03 00:44:20.490 | WARNING  | __main__:_process_pdf_futures:403 - Conversion failed for abernethy2013.pdf, keeping original path in list.
2025-04-03 00:44:20.874 | DEBUG    | __main__:_mineru_get_upload_info:112 - Obtained batch_id: e318f4aa-c4ac-4a9d-9d1d-2460c447417c for Panoptic the perpetual oracle-free options proto.pdf
2025-04-03 00:44:20.875 | DEBUG    | __main__:_mineru_upload_file:118 - Uploading Panoptic the perpetual oracle-free options proto.pdf to Mineru...
2025-04-03 00:44:21.315 | ERROR    | __main__:_mineru_request:87 - Mineru API request failed (PUT https://mineru.oss-cn-shanghai.aliyuncs.com/api-upload/64526224-a7cb-46b9-92e6-4da32fcea843/68a4111f-50b4-4122-9ae6-c641a4210475.pdf?Expires=1743713056&OSSAccessKeyId=LTAI5t9nGwatk85zetzojXbn&Signature=ZJuO7xgJYYpEdaVqEz9tmnePrL4%3D): 403 Client Error: Forbidden for url: https://mineru.oss-cn-shanghai.aliyuncs.com/api-upload/64526224-a7cb-46b9-92e6-4da32fcea843/68a4111f-50b4-4122-9ae6-c641a4210475.pdf?Expires=1743713056&OSSAccessKeyId=LTAI5t9nGwatk85zetzojXbn&Signature=ZJuO7xgJYYpEdaVqEz9tmnePrL4%3D - Status: 403, Body: <?xml version="1.0" encoding="UTF-8"?>
<Error>
  <Code>SignatureDoesNotMatch</Code>
  <Message>The request signature we calculated does not match the signature you provided. Check your key and signing
2025-04-03 00:44:21.315 | ERROR    | __main__:_run_pdf_to_epub_conversion:245 - Conversion failed for Arbius A Decentralized Machine Learning Network w_1.pdf: 403 Client Error: Forbidden for url: https://mineru.oss-cn-shanghai.aliyuncs.com/api-upload/64526224-a7cb-46b9-92e6-4da32fcea843/68a4111f-50b4-4122-9ae6-c641a4210475.pdf?Expires=1743713056&OSSAccessKeyId=LTAI5t9nGwatk85zetzojXbn&Signature=ZJuO7xgJYYpEdaVqEz9tmnePrL4%3D
2025-04-03 00:44:21.316 | WARNING  | __main__:_process_pdf_futures:403 - Conversion failed for Arbius A Decentralized Machine Learning Network w_1.pdf, keeping original path in list.
2025-04-03 00:44:21.703 | DEBUG    | __main__:_mineru_get_upload_info:112 - Obtained batch_id: 170cc02a-123c-4536-9539-74a67ab6cc2c for vega-protocol-whitepaper.pdf
2025-04-03 00:44:21.703 | DEBUG    | __main__:_mineru_upload_file:118 - Uploading vega-protocol-whitepaper.pdf to Mineru...
2025-04-03 00:44:24.282 | ERROR    | __main__:_mineru_request:87 - Mineru API request failed (PUT https://mineru.oss-cn-shanghai.aliyuncs.com/api-upload/170cc02a-123c-4536-9539-74a67ab6cc2c/8b3dbaea-b9e8-4936-a559-27b0a08a6fa9.pdf?Expires=1743713061&OSSAccessKeyId=LTAI5t9nGwatk85zetzojXbn&Signature=ouhcPcY1QSkEbyokNBFP7CkqipE%3D): 403 Client Error: Forbidden for url: https://mineru.oss-cn-shanghai.aliyuncs.com/api-upload/170cc02a-123c-4536-9539-74a67ab6cc2c/8b3dbaea-b9e8-4936-a559-27b0a08a6fa9.pdf?Expires=1743713061&OSSAccessKeyId=LTAI5t9nGwatk85zetzojXbn&Signature=ouhcPcY1QSkEbyokNBFP7CkqipE%3D - Status: 403, Body: <?xml version="1.0" encoding="UTF-8"?>
<Error>
  <Code>SignatureDoesNotMatch</Code>
  <Message>The request signature we calculated does not match the signature you provided. Check your key and signing
2025-04-03 00:44:24.282 | ERROR    | __main__:_run_pdf_to_epub_conversion:245 - Conversion failed for vega-protocol-whitepaper.pdf: 403 Client Error: Forbidden for url: https://mineru.oss-cn-shanghai.aliyuncs.com/api-upload/170cc02a-123c-4536-9539-74a67ab6cc2c/8b3dbaea-b9e8-4936-a559-27b0a08a6fa9.pdf?Expires=1743713061&OSSAccessKeyId=LTAI5t9nGwatk85zetzojXbn&Signature=ouhcPcY1QSkEbyokNBFP7CkqipE%3D
2025-04-03 00:44:24.283 | WARNING  | __main__:_process_pdf_futures:403 - Conversion failed for vega-protocol-whitepaper.pdf, keeping original path in list.
2025-04-03 00:44:27.469 | ERROR    | __main__:_mineru_request:87 - Mineru API request failed (PUT https://mineru.oss-cn-shanghai.aliyuncs.com/api-upload/d5f18f66-11bb-4301-86e8-1bd6a4640e17/5605a780-206a-4422-9b2a-c59e25f6f98f.pdf?Expires=1743713056&OSSAccessKeyId=LTAI5t9nGwatk85zetzojXbn&Signature=GP8xpQ%2FqO%2FiQDKqkNsGQw8tE5tg%3D): 403 Client Error: Forbidden for url: https://mineru.oss-cn-shanghai.aliyuncs.com/api-upload/d5f18f66-11bb-4301-86e8-1bd6a4640e17/5605a780-206a-4422-9b2a-c59e25f6f98f.pdf?Expires=1743713056&OSSAccessKeyId=LTAI5t9nGwatk85zetzojXbn&Signature=GP8xpQ%2FqO%2FiQDKqkNsGQw8tE5tg%3D - Status: 403, Body: <?xml version="1.0" encoding="UTF-8"?>
<Error>
  <Code>SignatureDoesNotMatch</Code>
  <Message>The request signature we calculated does not match the signature you provided. Check your key and signing
2025-04-03 00:44:27.469 | ERROR    | __main__:_run_pdf_to_epub_conversion:245 - Conversion failed for Drift dAMM deep dive.pdf: 403 Client Error: Forbidden for url: https://mineru.oss-cn-shanghai.aliyuncs.com/api-upload/d5f18f66-11bb-4301-86e8-1bd6a4640e17/5605a780-206a-4422-9b2a-c59e25f6f98f.pdf?Expires=1743713056&OSSAccessKeyId=LTAI5t9nGwatk85zetzojXbn&Signature=GP8xpQ%2FqO%2FiQDKqkNsGQw8tE5tg%3D
2025-04-03 00:44:27.470 | WARNING  | __main__:_process_pdf_futures:403 - Conversion failed for Drift dAMM deep dive.pdf, keeping original path in list.
